<?xml version="1.0" encoding="UTF-8"?>
<robot generator="Robot 4.0.2 (Python 3.9.5 on win32)" generated="20210604 14:06:16.837" rpa="false" schemaversion="2">
<suite id="s1" name="Tests" source="D:\gabriel\QaNinja\Robot_Appium\tests">
<suite id="s1-s1" name="Buttons" source="D:\gabriel\QaNinja\Robot_Appium\tests\buttons.robot">
<test id="s1-s1-t1" name="Deve realizar click simples">
<kw name="Open Session" library="base" type="SETUP">
<kw name="Set Appium Timeout" library="AppiumLibrary">
<arg>5</arg>
<doc>Sets the timeout in seconds used by various keywords.</doc>
<status status="PASS" starttime="20210604 14:06:16.964" endtime="20210604 14:06:16.964"/>
</kw>
<kw name="Open Application" library="AppiumLibrary">
<arg>http://localhost:4723/wd/hub</arg>
<arg>platformName=Android</arg>
<arg>platformVersion=11</arg>
<arg>app=${EXECDIR}/app/twp.apk</arg>
<arg>skipServerInstallation=true</arg>
<arg>skipDeviceInitialization=true</arg>
<doc>Opens a new application to given Appium server.
Capabilities of appium server, Android and iOS,
Please check https://github.com/appium/appium/blob/master/docs/en/writing-running-appium/server-args.md
| *Option*            | *Man.* | *Description*     |
| remote_url          | Yes    | Appium server url |
| alias               | no     | alias             |</doc>
<status status="PASS" starttime="20210604 14:06:16.964" endtime="20210604 14:06:26.925"/>
</kw>
<kw name="Get Started" library="helpers">
<kw name="Wait Until Page Contains" library="AppiumLibrary">
<arg>${START}</arg>
<doc>Waits until `text` appears on current page.</doc>
<status status="PASS" starttime="20210604 14:06:26.926" endtime="20210604 14:06:31.235"/>
</kw>
<kw name="Click Text" library="AppiumLibrary">
<arg>${START}</arg>
<doc>Click text identified by ``text``.</doc>
<status status="PASS" starttime="20210604 14:06:31.235" endtime="20210604 14:06:31.349"/>
</kw>
<status status="PASS" starttime="20210604 14:06:26.926" endtime="20210604 14:06:31.349"/>
</kw>
<status status="PASS" starttime="20210604 14:06:16.963" endtime="20210604 14:06:31.349"/>
</kw>
<kw name="Go to Short Click" library="helpers">
<kw name="Open nav" library="helpers">
<kw name="Wait Until Element Is Visible" library="AppiumLibrary">
<arg>${HAMBURGER}</arg>
<doc>Waits until element specified with `locator` is visible.</doc>
<status status="PASS" starttime="20210604 14:06:31.350" endtime="20210604 14:06:32.474"/>
</kw>
<kw name="Click Element" library="AppiumLibrary">
<arg>${HAMBURGER}</arg>
<doc>Click element identified by `locator`.</doc>
<msg timestamp="20210604 14:06:32.475" level="INFO">Clicking element '//android.widget.ImageButton[@content-desc="Open navigation drawer"]'.</msg>
<status status="PASS" starttime="20210604 14:06:32.474" endtime="20210604 14:06:32.552"/>
</kw>
<kw name="Wait Until Element Is Visible" library="AppiumLibrary">
<arg>${NAV_VIEW}</arg>
<doc>Waits until element specified with `locator` is visible.</doc>
<status status="PASS" starttime="20210604 14:06:32.552" endtime="20210604 14:06:33.501"/>
</kw>
<status status="PASS" starttime="20210604 14:06:31.350" endtime="20210604 14:06:33.501"/>
</kw>
<kw name="Click Text" library="AppiumLibrary">
<arg>BOTÕES</arg>
<doc>Click text identified by ``text``.</doc>
<status status="PASS" starttime="20210604 14:06:33.501" endtime="20210604 14:06:33.648"/>
</kw>
<kw name="Wait Until Page Contains" library="AppiumLibrary">
<arg>BOTÕES</arg>
<doc>Waits until `text` appears on current page.</doc>
<status status="PASS" starttime="20210604 14:06:33.648" endtime="20210604 14:06:34.039"/>
</kw>
<kw name="Click Text" library="AppiumLibrary">
<arg>CLIQUE SIMPLES</arg>
<doc>Click text identified by ``text``.</doc>
<status status="PASS" starttime="20210604 14:06:34.039" endtime="20210604 14:06:34.930"/>
</kw>
<kw name="Wait Until Page Contains" library="AppiumLibrary">
<arg>Botão clique simples</arg>
<doc>Waits until `text` appears on current page.</doc>
<status status="PASS" starttime="20210604 14:06:34.930" endtime="20210604 14:06:35.666"/>
</kw>
<status status="PASS" starttime="20210604 14:06:31.349" endtime="20210604 14:06:35.666"/>
</kw>
<kw name="Click Element" library="AppiumLibrary">
<arg>io.qaninja.android.twp:id/short_click</arg>
<doc>Click element identified by `locator`.</doc>
<msg timestamp="20210604 14:06:35.667" level="INFO">Clicking element 'io.qaninja.android.twp:id/short_click'.</msg>
<status status="PASS" starttime="20210604 14:06:35.666" endtime="20210604 14:06:35.756"/>
</kw>
<kw name="Wait Until Page Contains" library="AppiumLibrary">
<arg>Isso é um clique simples</arg>
<doc>Waits until `text` appears on current page.</doc>
<status status="PASS" starttime="20210604 14:06:35.756" endtime="20210604 14:06:35.833"/>
</kw>
<kw name="Close Session" library="base" type="TEARDOWN">
<kw name="Close Application" library="AppiumLibrary">
<doc>Closes the current application and also close webdriver session.</doc>
<status status="PASS" starttime="20210604 14:06:35.833" endtime="20210604 14:06:36.450"/>
</kw>
<status status="PASS" starttime="20210604 14:06:35.833" endtime="20210604 14:06:36.450"/>
</kw>
<status status="PASS" starttime="20210604 14:06:16.963" endtime="20210604 14:06:36.451"/>
</test>
<test id="s1-s1-t2" name="Deve realizar clique longo">
<kw name="Open Session" library="base" type="SETUP">
<kw name="Set Appium Timeout" library="AppiumLibrary">
<arg>5</arg>
<doc>Sets the timeout in seconds used by various keywords.</doc>
<status status="PASS" starttime="20210604 14:06:36.452" endtime="20210604 14:06:36.452"/>
</kw>
<kw name="Open Application" library="AppiumLibrary">
<arg>http://localhost:4723/wd/hub</arg>
<arg>platformName=Android</arg>
<arg>platformVersion=11</arg>
<arg>app=${EXECDIR}/app/twp.apk</arg>
<arg>skipServerInstallation=true</arg>
<arg>skipDeviceInitialization=true</arg>
<doc>Opens a new application to given Appium server.
Capabilities of appium server, Android and iOS,
Please check https://github.com/appium/appium/blob/master/docs/en/writing-running-appium/server-args.md
| *Option*            | *Man.* | *Description*     |
| remote_url          | Yes    | Appium server url |
| alias               | no     | alias             |</doc>
<status status="PASS" starttime="20210604 14:06:36.452" endtime="20210604 14:06:46.383"/>
</kw>
<kw name="Get Started" library="helpers">
<kw name="Wait Until Page Contains" library="AppiumLibrary">
<arg>${START}</arg>
<doc>Waits until `text` appears on current page.</doc>
<status status="PASS" starttime="20210604 14:06:46.384" endtime="20210604 14:06:50.712"/>
</kw>
<kw name="Click Text" library="AppiumLibrary">
<arg>${START}</arg>
<doc>Click text identified by ``text``.</doc>
<status status="PASS" starttime="20210604 14:06:50.712" endtime="20210604 14:06:50.827"/>
</kw>
<status status="PASS" starttime="20210604 14:06:46.383" endtime="20210604 14:06:50.827"/>
</kw>
<status status="PASS" starttime="20210604 14:06:36.452" endtime="20210604 14:06:50.827"/>
</kw>
<kw name="Go to Long Click" library="helpers">
<kw name="Open nav" library="helpers">
<kw name="Wait Until Element Is Visible" library="AppiumLibrary">
<arg>${HAMBURGER}</arg>
<doc>Waits until element specified with `locator` is visible.</doc>
<status status="PASS" starttime="20210604 14:06:50.828" endtime="20210604 14:06:51.953"/>
</kw>
<kw name="Click Element" library="AppiumLibrary">
<arg>${HAMBURGER}</arg>
<doc>Click element identified by `locator`.</doc>
<msg timestamp="20210604 14:06:51.954" level="INFO">Clicking element '//android.widget.ImageButton[@content-desc="Open navigation drawer"]'.</msg>
<status status="PASS" starttime="20210604 14:06:51.953" endtime="20210604 14:06:52.043"/>
</kw>
<kw name="Wait Until Element Is Visible" library="AppiumLibrary">
<arg>${NAV_VIEW}</arg>
<doc>Waits until element specified with `locator` is visible.</doc>
<status status="PASS" starttime="20210604 14:06:52.043" endtime="20210604 14:06:52.982"/>
</kw>
<status status="PASS" starttime="20210604 14:06:50.828" endtime="20210604 14:06:52.982"/>
</kw>
<kw name="Click Text" library="AppiumLibrary">
<arg>BOTÕES</arg>
<doc>Click text identified by ``text``.</doc>
<status status="PASS" starttime="20210604 14:06:52.982" endtime="20210604 14:06:53.120"/>
</kw>
<kw name="Wait Until Page Contains" library="AppiumLibrary">
<arg>BOTÕES</arg>
<doc>Waits until `text` appears on current page.</doc>
<status status="PASS" starttime="20210604 14:06:53.120" endtime="20210604 14:06:54.064"/>
</kw>
<kw name="Click Text" library="AppiumLibrary">
<arg>CLIQUE LONGO</arg>
<doc>Click text identified by ``text``.</doc>
<status status="PASS" starttime="20210604 14:06:54.064" endtime="20210604 14:06:54.164"/>
</kw>
<kw name="Wait Until Page Contains" library="AppiumLibrary">
<arg>Botão clique longo</arg>
<doc>Waits until `text` appears on current page.</doc>
<status status="PASS" starttime="20210604 14:06:54.164" endtime="20210604 14:06:54.893"/>
</kw>
<status status="PASS" starttime="20210604 14:06:50.828" endtime="20210604 14:06:54.893"/>
</kw>
<kw name="Set Variable" library="BuiltIn">
<var>${element}</var>
<arg>io.qaninja.android.twp:id/long_click</arg>
<doc>Returns the given values which can then be assigned to a variables.</doc>
<msg timestamp="20210604 14:06:54.894" level="INFO">${element} = io.qaninja.android.twp:id/long_click</msg>
<status status="PASS" starttime="20210604 14:06:54.894" endtime="20210604 14:06:54.894"/>
</kw>
<kw name="Long Press" library="AppiumLibrary">
<arg>${element}</arg>
<arg>1000</arg>
<doc>Long press the element with optional duration</doc>
<status status="PASS" starttime="20210604 14:06:54.894" endtime="20210604 14:06:57.532"/>
</kw>
<kw name="Wait Until Page Contains" library="AppiumLibrary">
<arg>CLIQUE LONGO OK</arg>
<doc>Waits until `text` appears on current page.</doc>
<status status="PASS" starttime="20210604 14:06:57.532" endtime="20210604 14:06:57.568"/>
</kw>
<kw name="Element Text Should Be" library="AppiumLibrary">
<arg>${element}</arg>
<arg>CLIQUE LONGO OK</arg>
<doc>Verifies element identified by ``locator`` exactly contains text ``expected``.</doc>
<msg timestamp="20210604 14:06:57.570" level="INFO">Verifying element 'io.qaninja.android.twp:id/long_click' contains exactly text 'CLIQUE LONGO OK'.</msg>
<status status="PASS" starttime="20210604 14:06:57.569" endtime="20210604 14:06:57.600"/>
</kw>
<kw name="Close Session" library="base" type="TEARDOWN">
<kw name="Close Application" library="AppiumLibrary">
<doc>Closes the current application and also close webdriver session.</doc>
<status status="PASS" starttime="20210604 14:06:57.600" endtime="20210604 14:06:58.161"/>
</kw>
<status status="PASS" starttime="20210604 14:06:57.600" endtime="20210604 14:06:58.162"/>
</kw>
<tag>long</tag>
<status status="PASS" starttime="20210604 14:06:36.451" endtime="20210604 14:06:58.162"/>
</test>
<status status="PASS" starttime="20210604 14:06:16.852" endtime="20210604 14:06:58.163"/>
</suite>
<suite id="s1-s2" name="Checkbox" source="D:\gabriel\QaNinja\Robot_Appium\tests\checkbox.robot">
<test id="s1-s2-t1" name="Deve marcar opção Robot Framework">
<kw name="Open Session" library="base" type="SETUP">
<kw name="Set Appium Timeout" library="AppiumLibrary">
<arg>5</arg>
<doc>Sets the timeout in seconds used by various keywords.</doc>
<status status="PASS" starttime="20210604 14:06:58.168" endtime="20210604 14:06:58.168"/>
</kw>
<kw name="Open Application" library="AppiumLibrary">
<arg>http://localhost:4723/wd/hub</arg>
<arg>platformName=Android</arg>
<arg>platformVersion=11</arg>
<arg>app=${EXECDIR}/app/twp.apk</arg>
<arg>skipServerInstallation=true</arg>
<arg>skipDeviceInitialization=true</arg>
<doc>Opens a new application to given Appium server.
Capabilities of appium server, Android and iOS,
Please check https://github.com/appium/appium/blob/master/docs/en/writing-running-appium/server-args.md
| *Option*            | *Man.* | *Description*     |
| remote_url          | Yes    | Appium server url |
| alias               | no     | alias             |</doc>
<status status="PASS" starttime="20210604 14:06:58.168" endtime="20210604 14:07:08.068"/>
</kw>
<kw name="Get Started" library="helpers">
<kw name="Wait Until Page Contains" library="AppiumLibrary">
<arg>${START}</arg>
<doc>Waits until `text` appears on current page.</doc>
<status status="PASS" starttime="20210604 14:07:08.068" endtime="20210604 14:07:12.416"/>
</kw>
<kw name="Click Text" library="AppiumLibrary">
<arg>${START}</arg>
<doc>Click text identified by ``text``.</doc>
<status status="PASS" starttime="20210604 14:07:12.416" endtime="20210604 14:07:13.602"/>
</kw>
<status status="PASS" starttime="20210604 14:07:08.068" endtime="20210604 14:07:13.602"/>
</kw>
<status status="PASS" starttime="20210604 14:06:58.167" endtime="20210604 14:07:13.602"/>
</kw>
<kw name="Go to Checkbox" library="helpers">
<kw name="Open nav" library="helpers">
<kw name="Wait Until Element Is Visible" library="AppiumLibrary">
<arg>${HAMBURGER}</arg>
<doc>Waits until element specified with `locator` is visible.</doc>
<status status="PASS" starttime="20210604 14:07:13.603" endtime="20210604 14:07:13.672"/>
</kw>
<kw name="Click Element" library="AppiumLibrary">
<arg>${HAMBURGER}</arg>
<doc>Click element identified by `locator`.</doc>
<msg timestamp="20210604 14:07:13.674" level="INFO">Clicking element '//android.widget.ImageButton[@content-desc="Open navigation drawer"]'.</msg>
<status status="PASS" starttime="20210604 14:07:13.673" endtime="20210604 14:07:13.753"/>
</kw>
<kw name="Wait Until Element Is Visible" library="AppiumLibrary">
<arg>${NAV_VIEW}</arg>
<doc>Waits until element specified with `locator` is visible.</doc>
<status status="PASS" starttime="20210604 14:07:13.753" endtime="20210604 14:07:14.689"/>
</kw>
<status status="PASS" starttime="20210604 14:07:13.603" endtime="20210604 14:07:14.689"/>
</kw>
<kw name="Click Text" library="AppiumLibrary">
<arg>INPUTS</arg>
<doc>Click text identified by ``text``.</doc>
<status status="PASS" starttime="20210604 14:07:14.689" endtime="20210604 14:07:14.830"/>
</kw>
<kw name="Wait Until Page Contains" library="AppiumLibrary">
<arg>INPUTS</arg>
<doc>Waits until `text` appears on current page.</doc>
<status status="PASS" starttime="20210604 14:07:14.830" endtime="20210604 14:07:15.186"/>
</kw>
<kw name="Click Text" library="AppiumLibrary">
<arg>CHECKBOX</arg>
<doc>Click text identified by ``text``.</doc>
<status status="PASS" starttime="20210604 14:07:15.186" endtime="20210604 14:07:15.881"/>
</kw>
<kw name="Wait Until Page Contains" library="AppiumLibrary">
<arg>Marque as techs que usam Appium</arg>
<doc>Waits until `text` appears on current page.</doc>
<status status="PASS" starttime="20210604 14:07:15.881" endtime="20210604 14:07:16.646"/>
</kw>
<status status="PASS" starttime="20210604 14:07:13.603" endtime="20210604 14:07:16.646"/>
</kw>
<kw name="Set Variable" library="BuiltIn">
<var>${element}</var>
<arg>//android.widget.CheckBox[contains(@text,'Robot Framework')]</arg>
<doc>Returns the given values which can then be assigned to a variables.</doc>
<msg timestamp="20210604 14:07:16.646" level="INFO">${element} = //android.widget.CheckBox[contains(@text,'Robot Framework')]</msg>
<status status="PASS" starttime="20210604 14:07:16.646" endtime="20210604 14:07:16.646"/>
</kw>
<kw name="Click Element" library="AppiumLibrary">
<arg>${element}</arg>
<doc>Click element identified by `locator`.</doc>
<msg timestamp="20210604 14:07:16.648" level="INFO">Clicking element '//android.widget.CheckBox[contains(@text,'Robot Framework')]'.</msg>
<status status="PASS" starttime="20210604 14:07:16.647" endtime="20210604 14:07:16.769"/>
</kw>
<kw name="Wait Until Element Is Visible" library="AppiumLibrary">
<arg>io.qaninja.android.twp:id/rvContainer</arg>
<doc>Waits until element specified with `locator` is visible.</doc>
<status status="PASS" starttime="20210604 14:07:16.770" endtime="20210604 14:07:17.702"/>
</kw>
<kw name="Element Attribute Should Match" library="AppiumLibrary">
<arg>${element}</arg>
<arg>checked</arg>
<arg>true</arg>
<doc>Verify that an attribute of an element matches the expected criteria.</doc>
<msg timestamp="20210604 14:07:17.763" level="INFO">Element '//android.widget.CheckBox[contains(@text,'Robot Framework')]' attribute 'checked' is 'true' </msg>
<status status="PASS" starttime="20210604 14:07:17.702" endtime="20210604 14:07:17.763"/>
</kw>
<kw name="Close Session" library="base" type="TEARDOWN">
<kw name="Close Application" library="AppiumLibrary">
<doc>Closes the current application and also close webdriver session.</doc>
<status status="PASS" starttime="20210604 14:07:17.763" endtime="20210604 14:07:18.350"/>
</kw>
<status status="PASS" starttime="20210604 14:07:17.763" endtime="20210604 14:07:18.350"/>
</kw>
<status status="PASS" starttime="20210604 14:06:58.167" endtime="20210604 14:07:18.351"/>
</test>
<status status="PASS" starttime="20210604 14:06:58.164" endtime="20210604 14:07:18.351"/>
</suite>
<suite id="s1-s3" name="Drag Drop" source="D:\gabriel\QaNinja\Robot_Appium\tests\drag_drop.robot">
<test id="s1-s3-t1" name="Deve mover o Hulk para o topo">
<kw name="Open Session" library="base" type="SETUP">
<kw name="Set Appium Timeout" library="AppiumLibrary">
<arg>5</arg>
<doc>Sets the timeout in seconds used by various keywords.</doc>
<status status="PASS" starttime="20210604 14:07:18.358" endtime="20210604 14:07:18.358"/>
</kw>
<kw name="Open Application" library="AppiumLibrary">
<arg>http://localhost:4723/wd/hub</arg>
<arg>platformName=Android</arg>
<arg>platformVersion=11</arg>
<arg>app=${EXECDIR}/app/twp.apk</arg>
<arg>skipServerInstallation=true</arg>
<arg>skipDeviceInitialization=true</arg>
<doc>Opens a new application to given Appium server.
Capabilities of appium server, Android and iOS,
Please check https://github.com/appium/appium/blob/master/docs/en/writing-running-appium/server-args.md
| *Option*            | *Man.* | *Description*     |
| remote_url          | Yes    | Appium server url |
| alias               | no     | alias             |</doc>
<status status="PASS" starttime="20210604 14:07:18.358" endtime="20210604 14:07:28.177"/>
</kw>
<kw name="Get Started" library="helpers">
<kw name="Wait Until Page Contains" library="AppiumLibrary">
<arg>${START}</arg>
<doc>Waits until `text` appears on current page.</doc>
<status status="PASS" starttime="20210604 14:07:28.178" endtime="20210604 14:07:32.477"/>
</kw>
<kw name="Click Text" library="AppiumLibrary">
<arg>${START}</arg>
<doc>Click text identified by ``text``.</doc>
<status status="PASS" starttime="20210604 14:07:32.477" endtime="20210604 14:07:32.572"/>
</kw>
<status status="PASS" starttime="20210604 14:07:28.177" endtime="20210604 14:07:32.572"/>
</kw>
<status status="PASS" starttime="20210604 14:07:18.357" endtime="20210604 14:07:32.572"/>
</kw>
<kw name="Go to Avengers List" library="helpers">
<kw name="Open nav" library="helpers">
<kw name="Wait Until Element Is Visible" library="AppiumLibrary">
<arg>${HAMBURGER}</arg>
<doc>Waits until element specified with `locator` is visible.</doc>
<status status="PASS" starttime="20210604 14:07:32.573" endtime="20210604 14:07:33.717"/>
</kw>
<kw name="Click Element" library="AppiumLibrary">
<arg>${HAMBURGER}</arg>
<doc>Click element identified by `locator`.</doc>
<msg timestamp="20210604 14:07:33.719" level="INFO">Clicking element '//android.widget.ImageButton[@content-desc="Open navigation drawer"]'.</msg>
<status status="PASS" starttime="20210604 14:07:33.718" endtime="20210604 14:07:33.841"/>
</kw>
<kw name="Wait Until Element Is Visible" library="AppiumLibrary">
<arg>${NAV_VIEW}</arg>
<doc>Waits until element specified with `locator` is visible.</doc>
<status status="PASS" starttime="20210604 14:07:33.842" endtime="20210604 14:07:34.823"/>
</kw>
<status status="PASS" starttime="20210604 14:07:32.573" endtime="20210604 14:07:34.824"/>
</kw>
<kw name="Click Text" library="AppiumLibrary">
<arg>AVENGERS</arg>
<doc>Click text identified by ``text``.</doc>
<status status="PASS" starttime="20210604 14:07:34.824" endtime="20210604 14:07:34.964"/>
</kw>
<kw name="Wait Until Page Contains" library="AppiumLibrary">
<arg>AVENGERS</arg>
<doc>Waits until `text` appears on current page.</doc>
<status status="PASS" starttime="20210604 14:07:34.964" endtime="20210604 14:07:35.420"/>
</kw>
<kw name="Click Text" library="AppiumLibrary">
<arg>LISTA</arg>
<doc>Click text identified by ``text``.</doc>
<status status="PASS" starttime="20210604 14:07:35.421" endtime="20210604 14:07:35.990"/>
</kw>
<kw name="Wait Until Page Contains" library="AppiumLibrary">
<arg>LISTA</arg>
<doc>Waits until `text` appears on current page.</doc>
<status status="PASS" starttime="20210604 14:07:35.991" endtime="20210604 14:07:36.238"/>
</kw>
<status status="PASS" starttime="20210604 14:07:32.572" endtime="20210604 14:07:36.238"/>
</kw>
<kw name="Meu Drag Drop" library="extend">
<arg>io.qaninja.android.twp:id/drag_handle</arg>
<arg>3</arg>
<arg>0</arg>
<status status="PASS" starttime="20210604 14:07:36.238" endtime="20210604 14:07:48.773"/>
</kw>
<kw name="Sleep" library="BuiltIn">
<arg>5</arg>
<doc>Pauses the test executed for the given time.</doc>
<msg timestamp="20210604 14:07:53.780" level="INFO">Slept 5 seconds</msg>
<status status="PASS" starttime="20210604 14:07:48.773" endtime="20210604 14:07:53.780"/>
</kw>
<kw name="Close Session" library="base" type="TEARDOWN">
<kw name="Close Application" library="AppiumLibrary">
<doc>Closes the current application and also close webdriver session.</doc>
<status status="PASS" starttime="20210604 14:07:53.781" endtime="20210604 14:07:54.334"/>
</kw>
<status status="PASS" starttime="20210604 14:07:53.780" endtime="20210604 14:07:54.334"/>
</kw>
<status status="PASS" starttime="20210604 14:07:18.357" endtime="20210604 14:07:54.334"/>
</test>
<status status="PASS" starttime="20210604 14:07:18.352" endtime="20210604 14:07:54.335"/>
</suite>
<suite id="s1-s4" name="Home" source="D:\gabriel\QaNinja\Robot_Appium\tests\home.robot">
<test id="s1-s4-t1" name="Abrir tela principal">
<kw name="Open Application" library="AppiumLibrary">
<arg>http://localhost:4723/wd/hub</arg>
<arg>platformName=Android</arg>
<arg>platformVersion=11</arg>
<arg>app=${EXECDIR}/app/twp.apk</arg>
<arg>skipServerInstallation=true</arg>
<arg>skipDeviceInitialization=true</arg>
<doc>Opens a new application to given Appium server.
Capabilities of appium server, Android and iOS,
Please check https://github.com/appium/appium/blob/master/docs/en/writing-running-appium/server-args.md
| *Option*            | *Man.* | *Description*     |
| remote_url          | Yes    | Appium server url |
| alias               | no     | alias             |</doc>
<status status="PASS" starttime="20210604 14:07:54.339" endtime="20210604 14:08:04.270"/>
</kw>
<kw name="Wait Until Page Contains" library="AppiumLibrary">
<arg>Training Wheels Protocol</arg>
<arg>5</arg>
<doc>Waits until `text` appears on current page.</doc>
<status status="PASS" starttime="20210604 14:08:04.271" endtime="20210604 14:08:08.515"/>
</kw>
<kw name="Wait Until Page Contains" library="AppiumLibrary">
<arg>Mobile Version</arg>
<arg>5</arg>
<doc>Waits until `text` appears on current page.</doc>
<status status="PASS" starttime="20210604 14:08:08.515" endtime="20210604 14:08:08.541"/>
</kw>
<kw name="Close Application" library="AppiumLibrary">
<doc>Closes the current application and also close webdriver session.</doc>
<status status="PASS" starttime="20210604 14:08:08.541" endtime="20210604 14:08:09.186"/>
</kw>
<status status="PASS" starttime="20210604 14:07:54.338" endtime="20210604 14:08:09.186"/>
</test>
<status status="PASS" starttime="20210604 14:07:54.336" endtime="20210604 14:08:09.187"/>
</suite>
<suite id="s1-s5" name="Login" source="D:\gabriel\QaNinja\Robot_Appium\tests\login.robot">
<test id="s1-s5-t1" name="Logar com Sucesso">
<kw name="Open Session" library="base" type="SETUP">
<kw name="Set Appium Timeout" library="AppiumLibrary">
<arg>5</arg>
<doc>Sets the timeout in seconds used by various keywords.</doc>
<status status="PASS" starttime="20210604 14:08:09.192" endtime="20210604 14:08:09.192"/>
</kw>
<kw name="Open Application" library="AppiumLibrary">
<arg>http://localhost:4723/wd/hub</arg>
<arg>platformName=Android</arg>
<arg>platformVersion=11</arg>
<arg>app=${EXECDIR}/app/twp.apk</arg>
<arg>skipServerInstallation=true</arg>
<arg>skipDeviceInitialization=true</arg>
<doc>Opens a new application to given Appium server.
Capabilities of appium server, Android and iOS,
Please check https://github.com/appium/appium/blob/master/docs/en/writing-running-appium/server-args.md
| *Option*            | *Man.* | *Description*     |
| remote_url          | Yes    | Appium server url |
| alias               | no     | alias             |</doc>
<status status="PASS" starttime="20210604 14:08:09.193" endtime="20210604 14:08:19.183"/>
</kw>
<kw name="Get Started" library="helpers">
<kw name="Wait Until Page Contains" library="AppiumLibrary">
<arg>${START}</arg>
<doc>Waits until `text` appears on current page.</doc>
<status status="PASS" starttime="20210604 14:08:19.183" endtime="20210604 14:08:23.515"/>
</kw>
<kw name="Click Text" library="AppiumLibrary">
<arg>${START}</arg>
<doc>Click text identified by ``text``.</doc>
<status status="PASS" starttime="20210604 14:08:23.515" endtime="20210604 14:08:23.643"/>
</kw>
<status status="PASS" starttime="20210604 14:08:19.183" endtime="20210604 14:08:23.643"/>
</kw>
<status status="PASS" starttime="20210604 14:08:09.192" endtime="20210604 14:08:23.643"/>
</kw>
<kw name="Go To Login Forms" library="helpers">
<kw name="Open nav" library="helpers">
<kw name="Wait Until Element Is Visible" library="AppiumLibrary">
<arg>${HAMBURGER}</arg>
<doc>Waits until element specified with `locator` is visible.</doc>
<status status="PASS" starttime="20210604 14:08:23.644" endtime="20210604 14:08:24.773"/>
</kw>
<kw name="Click Element" library="AppiumLibrary">
<arg>${HAMBURGER}</arg>
<doc>Click element identified by `locator`.</doc>
<msg timestamp="20210604 14:08:24.774" level="INFO">Clicking element '//android.widget.ImageButton[@content-desc="Open navigation drawer"]'.</msg>
<status status="PASS" starttime="20210604 14:08:24.773" endtime="20210604 14:08:24.853"/>
</kw>
<kw name="Wait Until Element Is Visible" library="AppiumLibrary">
<arg>${NAV_VIEW}</arg>
<doc>Waits until element specified with `locator` is visible.</doc>
<status status="PASS" starttime="20210604 14:08:24.853" endtime="20210604 14:08:25.777"/>
</kw>
<status status="PASS" starttime="20210604 14:08:23.644" endtime="20210604 14:08:25.777"/>
</kw>
<kw name="Click Text" library="AppiumLibrary">
<arg>FORMS</arg>
<doc>Click text identified by ``text``.</doc>
<status status="PASS" starttime="20210604 14:08:25.777" endtime="20210604 14:08:25.913"/>
</kw>
<kw name="Wait Until Page Contains" library="AppiumLibrary">
<arg>FORMS</arg>
<doc>Waits until `text` appears on current page.</doc>
<status status="PASS" starttime="20210604 14:08:25.913" endtime="20210604 14:08:26.359"/>
</kw>
<kw name="Click Text" library="AppiumLibrary">
<arg>LOGIN</arg>
<doc>Click text identified by ``text``.</doc>
<status status="PASS" starttime="20210604 14:08:26.359" endtime="20210604 14:08:26.927"/>
</kw>
<kw name="Wait Until Page Contains" library="AppiumLibrary">
<arg>Fala QA, vamos testar o login?</arg>
<doc>Waits until `text` appears on current page.</doc>
<status status="PASS" starttime="20210604 14:08:26.927" endtime="20210604 14:08:27.711"/>
</kw>
<status status="PASS" starttime="20210604 14:08:23.643" endtime="20210604 14:08:27.711"/>
</kw>
<kw name="Input Text" library="AppiumLibrary">
<arg>io.qaninja.android.twp:id/etEmail</arg>
<arg>eu@papito.io</arg>
<doc>Types the given `text` into text field identified by `locator`.</doc>
<msg timestamp="20210604 14:08:27.712" level="INFO">Typing text 'eu@papito.io' into text field 'io.qaninja.android.twp:id/etEmail'</msg>
<status status="PASS" starttime="20210604 14:08:27.711" endtime="20210604 14:08:27.802"/>
</kw>
<kw name="Input Text" library="AppiumLibrary">
<arg>io.qaninja.android.twp:id/etPassword</arg>
<arg>qaninja</arg>
<doc>Types the given `text` into text field identified by `locator`.</doc>
<msg timestamp="20210604 14:08:27.803" level="INFO">Typing text 'qaninja' into text field 'io.qaninja.android.twp:id/etPassword'</msg>
<status status="PASS" starttime="20210604 14:08:27.802" endtime="20210604 14:08:28.896"/>
</kw>
<kw name="Click Element" library="AppiumLibrary">
<arg>io.qaninja.android.twp:id/btnSubmit</arg>
<doc>Click element identified by `locator`.</doc>
<msg timestamp="20210604 14:08:28.898" level="INFO">Clicking element 'io.qaninja.android.twp:id/btnSubmit'.</msg>
<status status="PASS" starttime="20210604 14:08:28.897" endtime="20210604 14:08:29.490"/>
</kw>
<kw name="Wait Until Page Contains" library="AppiumLibrary">
<arg>Show! Suas credenciais são validas.</arg>
<doc>Waits until `text` appears on current page.</doc>
<status status="PASS" starttime="20210604 14:08:29.490" endtime="20210604 14:08:29.609"/>
</kw>
<kw name="Close Session" library="base" type="TEARDOWN">
<kw name="Close Application" library="AppiumLibrary">
<doc>Closes the current application and also close webdriver session.</doc>
<status status="PASS" starttime="20210604 14:08:29.610" endtime="20210604 14:08:30.199"/>
</kw>
<status status="PASS" starttime="20210604 14:08:29.610" endtime="20210604 14:08:30.199"/>
</kw>
<status status="PASS" starttime="20210604 14:08:09.191" endtime="20210604 14:08:30.199"/>
</test>
<status status="PASS" starttime="20210604 14:08:09.188" endtime="20210604 14:08:30.200"/>
</suite>
<suite id="s1-s6" name="Radio" source="D:\gabriel\QaNinja\Robot_Appium\tests\radio.robot">
<test id="s1-s6-t1" name="Deve selecionar Python">
<kw name="Open Session" library="base" type="SETUP">
<kw name="Set Appium Timeout" library="AppiumLibrary">
<arg>5</arg>
<doc>Sets the timeout in seconds used by various keywords.</doc>
<status status="PASS" starttime="20210604 14:08:30.204" endtime="20210604 14:08:30.205"/>
</kw>
<kw name="Open Application" library="AppiumLibrary">
<arg>http://localhost:4723/wd/hub</arg>
<arg>platformName=Android</arg>
<arg>platformVersion=11</arg>
<arg>app=${EXECDIR}/app/twp.apk</arg>
<arg>skipServerInstallation=true</arg>
<arg>skipDeviceInitialization=true</arg>
<doc>Opens a new application to given Appium server.
Capabilities of appium server, Android and iOS,
Please check https://github.com/appium/appium/blob/master/docs/en/writing-running-appium/server-args.md
| *Option*            | *Man.* | *Description*     |
| remote_url          | Yes    | Appium server url |
| alias               | no     | alias             |</doc>
<status status="PASS" starttime="20210604 14:08:30.205" endtime="20210604 14:08:40.368"/>
</kw>
<kw name="Get Started" library="helpers">
<kw name="Wait Until Page Contains" library="AppiumLibrary">
<arg>${START}</arg>
<doc>Waits until `text` appears on current page.</doc>
<status status="PASS" starttime="20210604 14:08:40.368" endtime="20210604 14:08:44.668"/>
</kw>
<kw name="Click Text" library="AppiumLibrary">
<arg>${START}</arg>
<doc>Click text identified by ``text``.</doc>
<status status="PASS" starttime="20210604 14:08:44.668" endtime="20210604 14:08:44.787"/>
</kw>
<status status="PASS" starttime="20210604 14:08:40.368" endtime="20210604 14:08:44.787"/>
</kw>
<status status="PASS" starttime="20210604 14:08:30.204" endtime="20210604 14:08:44.787"/>
</kw>
<kw name="Go to Radio Buttons" library="helpers">
<kw name="Open nav" library="helpers">
<kw name="Wait Until Element Is Visible" library="AppiumLibrary">
<arg>${HAMBURGER}</arg>
<doc>Waits until element specified with `locator` is visible.</doc>
<status status="PASS" starttime="20210604 14:08:44.788" endtime="20210604 14:08:45.906"/>
</kw>
<kw name="Click Element" library="AppiumLibrary">
<arg>${HAMBURGER}</arg>
<doc>Click element identified by `locator`.</doc>
<msg timestamp="20210604 14:08:45.907" level="INFO">Clicking element '//android.widget.ImageButton[@content-desc="Open navigation drawer"]'.</msg>
<status status="PASS" starttime="20210604 14:08:45.906" endtime="20210604 14:08:45.984"/>
</kw>
<kw name="Wait Until Element Is Visible" library="AppiumLibrary">
<arg>${NAV_VIEW}</arg>
<doc>Waits until element specified with `locator` is visible.</doc>
<status status="PASS" starttime="20210604 14:08:45.984" endtime="20210604 14:08:46.911"/>
</kw>
<status status="PASS" starttime="20210604 14:08:44.788" endtime="20210604 14:08:46.911"/>
</kw>
<kw name="Click Text" library="AppiumLibrary">
<arg>INPUTS</arg>
<doc>Click text identified by ``text``.</doc>
<status status="PASS" starttime="20210604 14:08:46.912" endtime="20210604 14:08:48.442"/>
</kw>
<kw name="Wait Until Page Contains" library="AppiumLibrary">
<arg>INPUTS</arg>
<doc>Waits until `text` appears on current page.</doc>
<status status="PASS" starttime="20210604 14:08:48.442" endtime="20210604 14:08:48.482"/>
</kw>
<kw name="Click Text" library="AppiumLibrary">
<arg>BOTÕES DE RADIO</arg>
<doc>Click text identified by ``text``.</doc>
<status status="PASS" starttime="20210604 14:08:48.482" endtime="20210604 14:08:48.592"/>
</kw>
<kw name="Wait Until Page Contains" library="AppiumLibrary">
<arg>Escolha sua linguagem preferida</arg>
<doc>Waits until `text` appears on current page.</doc>
<status status="PASS" starttime="20210604 14:08:48.592" endtime="20210604 14:08:49.350"/>
</kw>
<status status="PASS" starttime="20210604 14:08:44.787" endtime="20210604 14:08:49.350"/>
</kw>
<kw name="Set Variable" library="BuiltIn">
<var>${element}</var>
<arg>//android.widget.RadioButton[contains(@text,'Python')]</arg>
<doc>Returns the given values which can then be assigned to a variables.</doc>
<msg timestamp="20210604 14:08:49.351" level="INFO">${element} = //android.widget.RadioButton[contains(@text,'Python')]</msg>
<status status="PASS" starttime="20210604 14:08:49.350" endtime="20210604 14:08:49.351"/>
</kw>
<kw name="Click Element" library="AppiumLibrary">
<arg>${element}</arg>
<doc>Click element identified by `locator`.</doc>
<msg timestamp="20210604 14:08:49.352" level="INFO">Clicking element '//android.widget.RadioButton[contains(@text,'Python')]'.</msg>
<status status="PASS" starttime="20210604 14:08:49.351" endtime="20210604 14:08:49.457"/>
</kw>
<kw name="Wait Until Element Is Visible" library="AppiumLibrary">
<arg>${element}</arg>
<doc>Waits until element specified with `locator` is visible.</doc>
<status status="PASS" starttime="20210604 14:08:49.457" endtime="20210604 14:08:50.081"/>
</kw>
<kw name="Element Attribute Should Match" library="AppiumLibrary">
<arg>${element}</arg>
<arg>checked</arg>
<arg>true</arg>
<doc>Verify that an attribute of an element matches the expected criteria.</doc>
<msg timestamp="20210604 14:08:50.131" level="INFO">Element '//android.widget.RadioButton[contains(@text,'Python')]' attribute 'checked' is 'true' </msg>
<status status="PASS" starttime="20210604 14:08:50.081" endtime="20210604 14:08:50.131"/>
</kw>
<kw name="Close Session" library="base" type="TEARDOWN">
<kw name="Close Application" library="AppiumLibrary">
<doc>Closes the current application and also close webdriver session.</doc>
<status status="PASS" starttime="20210604 14:08:50.132" endtime="20210604 14:08:50.740"/>
</kw>
<status status="PASS" starttime="20210604 14:08:50.131" endtime="20210604 14:08:50.740"/>
</kw>
<status status="PASS" starttime="20210604 14:08:30.204" endtime="20210604 14:08:50.740"/>
</test>
<status status="PASS" starttime="20210604 14:08:30.201" endtime="20210604 14:08:50.741"/>
</suite>
<suite id="s1-s7" name="Spinner" source="D:\gabriel\QaNinja\Robot_Appium\tests\spinner.robot">
<test id="s1-s7-t1" name="Deve selecionar QA no formulário">
<kw name="Open Session" library="base" type="SETUP">
<kw name="Set Appium Timeout" library="AppiumLibrary">
<arg>5</arg>
<doc>Sets the timeout in seconds used by various keywords.</doc>
<status status="PASS" starttime="20210604 14:08:50.746" endtime="20210604 14:08:50.746"/>
</kw>
<kw name="Open Application" library="AppiumLibrary">
<arg>http://localhost:4723/wd/hub</arg>
<arg>platformName=Android</arg>
<arg>platformVersion=11</arg>
<arg>app=${EXECDIR}/app/twp.apk</arg>
<arg>skipServerInstallation=true</arg>
<arg>skipDeviceInitialization=true</arg>
<doc>Opens a new application to given Appium server.
Capabilities of appium server, Android and iOS,
Please check https://github.com/appium/appium/blob/master/docs/en/writing-running-appium/server-args.md
| *Option*            | *Man.* | *Description*     |
| remote_url          | Yes    | Appium server url |
| alias               | no     | alias             |</doc>
<status status="PASS" starttime="20210604 14:08:50.746" endtime="20210604 14:09:00.809"/>
</kw>
<kw name="Get Started" library="helpers">
<kw name="Wait Until Page Contains" library="AppiumLibrary">
<arg>${START}</arg>
<doc>Waits until `text` appears on current page.</doc>
<status status="PASS" starttime="20210604 14:09:00.809" endtime="20210604 14:09:05.148"/>
</kw>
<kw name="Click Text" library="AppiumLibrary">
<arg>${START}</arg>
<doc>Click text identified by ``text``.</doc>
<status status="PASS" starttime="20210604 14:09:05.148" endtime="20210604 14:09:05.262"/>
</kw>
<status status="PASS" starttime="20210604 14:09:00.809" endtime="20210604 14:09:05.262"/>
</kw>
<status status="PASS" starttime="20210604 14:08:50.746" endtime="20210604 14:09:05.263"/>
</kw>
<kw name="Go To Cadastro" library="helpers">
<kw name="Open nav" library="helpers">
<kw name="Wait Until Element Is Visible" library="AppiumLibrary">
<arg>${HAMBURGER}</arg>
<doc>Waits until element specified with `locator` is visible.</doc>
<status status="PASS" starttime="20210604 14:09:05.263" endtime="20210604 14:09:06.422"/>
</kw>
<kw name="Click Element" library="AppiumLibrary">
<arg>${HAMBURGER}</arg>
<doc>Click element identified by `locator`.</doc>
<msg timestamp="20210604 14:09:06.423" level="INFO">Clicking element '//android.widget.ImageButton[@content-desc="Open navigation drawer"]'.</msg>
<status status="PASS" starttime="20210604 14:09:06.422" endtime="20210604 14:09:06.502"/>
</kw>
<kw name="Wait Until Element Is Visible" library="AppiumLibrary">
<arg>${NAV_VIEW}</arg>
<doc>Waits until element specified with `locator` is visible.</doc>
<status status="PASS" starttime="20210604 14:09:06.502" endtime="20210604 14:09:07.906"/>
</kw>
<status status="PASS" starttime="20210604 14:09:05.263" endtime="20210604 14:09:07.906"/>
</kw>
<kw name="Click Text" library="AppiumLibrary">
<arg>FORMS</arg>
<doc>Click text identified by ``text``.</doc>
<status status="PASS" starttime="20210604 14:09:07.906" endtime="20210604 14:09:08.063"/>
</kw>
<kw name="Wait Until Page Contains" library="AppiumLibrary">
<arg>FORMS</arg>
<doc>Waits until `text` appears on current page.</doc>
<status status="PASS" starttime="20210604 14:09:08.063" endtime="20210604 14:09:08.518"/>
</kw>
<kw name="Click Text" library="AppiumLibrary">
<arg>CADASTRO</arg>
<doc>Click text identified by ``text``.</doc>
<status status="PASS" starttime="20210604 14:09:08.518" endtime="20210604 14:09:09.058"/>
</kw>
<kw name="Wait Until Page Contains" library="AppiumLibrary">
<arg>Bem-vindo, crie sua conta.</arg>
<doc>Waits until `text` appears on current page.</doc>
<status status="PASS" starttime="20210604 14:09:09.059" endtime="20210604 14:09:09.837"/>
</kw>
<status status="PASS" starttime="20210604 14:09:05.263" endtime="20210604 14:09:09.837"/>
</kw>
<kw name="Choice job">
<arg>QA</arg>
<kw name="Click Element" library="AppiumLibrary">
<arg>${SPINNER}</arg>
<doc>Click element identified by `locator`.</doc>
<msg timestamp="20210604 14:09:09.838" level="INFO">Clicking element 'io.qaninja.android.twp:id/spinnerJob'.</msg>
<status status="PASS" starttime="20210604 14:09:09.837" endtime="20210604 14:09:09.929"/>
</kw>
<kw name="Wait Until Element Is Visible" library="AppiumLibrary">
<arg>${LIST_OPTIONS}</arg>
<doc>Waits until element specified with `locator` is visible.</doc>
<status status="PASS" starttime="20210604 14:09:09.929" endtime="20210604 14:09:10.857"/>
</kw>
<kw name="Click Text" library="AppiumLibrary">
<arg>${TARGET}</arg>
<doc>Click text identified by ``text``.</doc>
<status status="PASS" starttime="20210604 14:09:10.857" endtime="20210604 14:09:11.653"/>
</kw>
<status status="PASS" starttime="20210604 14:09:09.837" endtime="20210604 14:09:11.653"/>
</kw>
<kw name="Close Session" library="base" type="TEARDOWN">
<kw name="Close Application" library="AppiumLibrary">
<doc>Closes the current application and also close webdriver session.</doc>
<status status="PASS" starttime="20210604 14:09:11.654" endtime="20210604 14:09:12.251"/>
</kw>
<status status="PASS" starttime="20210604 14:09:11.653" endtime="20210604 14:09:12.251"/>
</kw>
<status status="PASS" starttime="20210604 14:08:50.745" endtime="20210604 14:09:12.251"/>
</test>
<test id="s1-s7-t2" name="Deve selecionar DevOps no formulário">
<kw name="Open Session" library="base" type="SETUP">
<kw name="Set Appium Timeout" library="AppiumLibrary">
<arg>5</arg>
<doc>Sets the timeout in seconds used by various keywords.</doc>
<status status="PASS" starttime="20210604 14:09:12.253" endtime="20210604 14:09:12.253"/>
</kw>
<kw name="Open Application" library="AppiumLibrary">
<arg>http://localhost:4723/wd/hub</arg>
<arg>platformName=Android</arg>
<arg>platformVersion=11</arg>
<arg>app=${EXECDIR}/app/twp.apk</arg>
<arg>skipServerInstallation=true</arg>
<arg>skipDeviceInitialization=true</arg>
<doc>Opens a new application to given Appium server.
Capabilities of appium server, Android and iOS,
Please check https://github.com/appium/appium/blob/master/docs/en/writing-running-appium/server-args.md
| *Option*            | *Man.* | *Description*     |
| remote_url          | Yes    | Appium server url |
| alias               | no     | alias             |</doc>
<status status="PASS" starttime="20210604 14:09:12.253" endtime="20210604 14:09:22.265"/>
</kw>
<kw name="Get Started" library="helpers">
<kw name="Wait Until Page Contains" library="AppiumLibrary">
<arg>${START}</arg>
<doc>Waits until `text` appears on current page.</doc>
<status status="PASS" starttime="20210604 14:09:22.266" endtime="20210604 14:09:26.589"/>
</kw>
<kw name="Click Text" library="AppiumLibrary">
<arg>${START}</arg>
<doc>Click text identified by ``text``.</doc>
<status status="PASS" starttime="20210604 14:09:26.589" endtime="20210604 14:09:26.687"/>
</kw>
<status status="PASS" starttime="20210604 14:09:22.265" endtime="20210604 14:09:26.687"/>
</kw>
<status status="PASS" starttime="20210604 14:09:12.252" endtime="20210604 14:09:26.687"/>
</kw>
<kw name="Go To Cadastro" library="helpers">
<kw name="Open nav" library="helpers">
<kw name="Wait Until Element Is Visible" library="AppiumLibrary">
<arg>${HAMBURGER}</arg>
<doc>Waits until element specified with `locator` is visible.</doc>
<status status="PASS" starttime="20210604 14:09:26.688" endtime="20210604 14:09:27.813"/>
</kw>
<kw name="Click Element" library="AppiumLibrary">
<arg>${HAMBURGER}</arg>
<doc>Click element identified by `locator`.</doc>
<msg timestamp="20210604 14:09:27.814" level="INFO">Clicking element '//android.widget.ImageButton[@content-desc="Open navigation drawer"]'.</msg>
<status status="PASS" starttime="20210604 14:09:27.813" endtime="20210604 14:09:27.898"/>
</kw>
<kw name="Wait Until Element Is Visible" library="AppiumLibrary">
<arg>${NAV_VIEW}</arg>
<doc>Waits until element specified with `locator` is visible.</doc>
<status status="PASS" starttime="20210604 14:09:27.899" endtime="20210604 14:09:28.840"/>
</kw>
<status status="PASS" starttime="20210604 14:09:26.688" endtime="20210604 14:09:28.840"/>
</kw>
<kw name="Click Text" library="AppiumLibrary">
<arg>FORMS</arg>
<doc>Click text identified by ``text``.</doc>
<status status="PASS" starttime="20210604 14:09:28.840" endtime="20210604 14:09:28.963"/>
</kw>
<kw name="Wait Until Page Contains" library="AppiumLibrary">
<arg>FORMS</arg>
<doc>Waits until `text` appears on current page.</doc>
<status status="PASS" starttime="20210604 14:09:28.963" endtime="20210604 14:09:29.142"/>
</kw>
<kw name="Click Text" library="AppiumLibrary">
<arg>CADASTRO</arg>
<doc>Click text identified by ``text``.</doc>
<status status="PASS" starttime="20210604 14:09:29.142" endtime="20210604 14:09:29.958"/>
</kw>
<kw name="Wait Until Page Contains" library="AppiumLibrary">
<arg>Bem-vindo, crie sua conta.</arg>
<doc>Waits until `text` appears on current page.</doc>
<status status="PASS" starttime="20210604 14:09:29.958" endtime="20210604 14:09:30.738"/>
</kw>
<status status="PASS" starttime="20210604 14:09:26.688" endtime="20210604 14:09:30.738"/>
</kw>
<kw name="Choice job">
<arg>DevOps</arg>
<kw name="Click Element" library="AppiumLibrary">
<arg>${SPINNER}</arg>
<doc>Click element identified by `locator`.</doc>
<msg timestamp="20210604 14:09:30.740" level="INFO">Clicking element 'io.qaninja.android.twp:id/spinnerJob'.</msg>
<status status="PASS" starttime="20210604 14:09:30.739" endtime="20210604 14:09:30.846"/>
</kw>
<kw name="Wait Until Element Is Visible" library="AppiumLibrary">
<arg>${LIST_OPTIONS}</arg>
<doc>Waits until element specified with `locator` is visible.</doc>
<status status="PASS" starttime="20210604 14:09:30.846" endtime="20210604 14:09:31.888"/>
</kw>
<kw name="Click Text" library="AppiumLibrary">
<arg>${TARGET}</arg>
<doc>Click text identified by ``text``.</doc>
<status status="PASS" starttime="20210604 14:09:31.888" endtime="20210604 14:09:32.658"/>
</kw>
<status status="PASS" starttime="20210604 14:09:30.739" endtime="20210604 14:09:32.658"/>
</kw>
<kw name="Close Session" library="base" type="TEARDOWN">
<kw name="Close Application" library="AppiumLibrary">
<doc>Closes the current application and also close webdriver session.</doc>
<status status="PASS" starttime="20210604 14:09:32.658" endtime="20210604 14:09:33.235"/>
</kw>
<status status="PASS" starttime="20210604 14:09:32.658" endtime="20210604 14:09:33.235"/>
</kw>
<status status="PASS" starttime="20210604 14:09:12.252" endtime="20210604 14:09:33.235"/>
</test>
<status status="PASS" starttime="20210604 14:08:50.742" endtime="20210604 14:09:33.236"/>
</suite>
<suite id="s1-s8" name="Swipe" source="D:\gabriel\QaNinja\Robot_Appium\tests\swipe.robot">
<test id="s1-s8-t1" name="Deve remover Capitao America">
<kw name="Open Session" library="base" type="SETUP">
<kw name="Set Appium Timeout" library="AppiumLibrary">
<arg>5</arg>
<doc>Sets the timeout in seconds used by various keywords.</doc>
<status status="PASS" starttime="20210604 14:09:33.241" endtime="20210604 14:09:33.241"/>
</kw>
<kw name="Open Application" library="AppiumLibrary">
<arg>http://localhost:4723/wd/hub</arg>
<arg>platformName=Android</arg>
<arg>platformVersion=11</arg>
<arg>app=${EXECDIR}/app/twp.apk</arg>
<arg>skipServerInstallation=true</arg>
<arg>skipDeviceInitialization=true</arg>
<doc>Opens a new application to given Appium server.
Capabilities of appium server, Android and iOS,
Please check https://github.com/appium/appium/blob/master/docs/en/writing-running-appium/server-args.md
| *Option*            | *Man.* | *Description*     |
| remote_url          | Yes    | Appium server url |
| alias               | no     | alias             |</doc>
<status status="PASS" starttime="20210604 14:09:33.241" endtime="20210604 14:09:43.292"/>
</kw>
<kw name="Get Started" library="helpers">
<kw name="Wait Until Page Contains" library="AppiumLibrary">
<arg>${START}</arg>
<doc>Waits until `text` appears on current page.</doc>
<status status="PASS" starttime="20210604 14:09:43.293" endtime="20210604 14:09:47.641"/>
</kw>
<kw name="Click Text" library="AppiumLibrary">
<arg>${START}</arg>
<doc>Click text identified by ``text``.</doc>
<status status="PASS" starttime="20210604 14:09:47.641" endtime="20210604 14:09:47.754"/>
</kw>
<status status="PASS" starttime="20210604 14:09:43.292" endtime="20210604 14:09:47.754"/>
</kw>
<status status="PASS" starttime="20210604 14:09:33.241" endtime="20210604 14:09:47.754"/>
</kw>
<kw name="Go to Avengers List" library="helpers">
<kw name="Open nav" library="helpers">
<kw name="Wait Until Element Is Visible" library="AppiumLibrary">
<arg>${HAMBURGER}</arg>
<doc>Waits until element specified with `locator` is visible.</doc>
<status status="PASS" starttime="20210604 14:09:47.755" endtime="20210604 14:09:48.920"/>
</kw>
<kw name="Click Element" library="AppiumLibrary">
<arg>${HAMBURGER}</arg>
<doc>Click element identified by `locator`.</doc>
<msg timestamp="20210604 14:09:48.921" level="INFO">Clicking element '//android.widget.ImageButton[@content-desc="Open navigation drawer"]'.</msg>
<status status="PASS" starttime="20210604 14:09:48.920" endtime="20210604 14:09:49.017"/>
</kw>
<kw name="Wait Until Element Is Visible" library="AppiumLibrary">
<arg>${NAV_VIEW}</arg>
<doc>Waits until element specified with `locator` is visible.</doc>
<status status="PASS" starttime="20210604 14:09:49.017" endtime="20210604 14:09:49.974"/>
</kw>
<status status="PASS" starttime="20210604 14:09:47.755" endtime="20210604 14:09:49.974"/>
</kw>
<kw name="Click Text" library="AppiumLibrary">
<arg>AVENGERS</arg>
<doc>Click text identified by ``text``.</doc>
<status status="PASS" starttime="20210604 14:09:49.974" endtime="20210604 14:09:50.093"/>
</kw>
<kw name="Wait Until Page Contains" library="AppiumLibrary">
<arg>AVENGERS</arg>
<doc>Waits until `text` appears on current page.</doc>
<status status="PASS" starttime="20210604 14:09:50.093" endtime="20210604 14:09:50.207"/>
</kw>
<kw name="Click Text" library="AppiumLibrary">
<arg>LISTA</arg>
<doc>Click text identified by ``text``.</doc>
<status status="PASS" starttime="20210604 14:09:50.207" endtime="20210604 14:09:51.925"/>
</kw>
<kw name="Wait Until Page Contains" library="AppiumLibrary">
<arg>LISTA</arg>
<doc>Waits until `text` appears on current page.</doc>
<status status="PASS" starttime="20210604 14:09:51.925" endtime="20210604 14:09:52.021"/>
</kw>
<status status="PASS" starttime="20210604 14:09:47.755" endtime="20210604 14:09:52.021"/>
</kw>
<kw name="Swipe By Percent" library="AppiumLibrary">
<arg>88</arg>
<arg>18</arg>
<arg>47</arg>
<arg>18</arg>
<doc>Swipe from one percent of the screen to another percent, for an optional duration.
Normal swipe fails to scale for different screen resolutions, this can be avoided using percent.</doc>
<status status="PASS" starttime="20210604 14:09:52.021" endtime="20210604 14:09:53.367"/>
</kw>
<kw name="Wait Until Element Is Visible" library="AppiumLibrary">
<arg>${btn_remove}</arg>
<doc>Waits until element specified with `locator` is visible.</doc>
<status status="PASS" starttime="20210604 14:09:53.367" endtime="20210604 14:09:53.497"/>
</kw>
<kw name="Click Element" library="AppiumLibrary">
<arg>${btn_remove}</arg>
<doc>Click element identified by `locator`.</doc>
<msg timestamp="20210604 14:09:53.499" level="INFO">Clicking element 'io.qaninja.android.twp:id/btnRemove'.</msg>
<status status="PASS" starttime="20210604 14:09:53.498" endtime="20210604 14:09:53.671"/>
</kw>
<kw name="Sleep" library="BuiltIn">
<arg>5</arg>
<doc>Pauses the test executed for the given time.</doc>
<msg timestamp="20210604 14:09:58.675" level="INFO">Slept 5 seconds</msg>
<status status="PASS" starttime="20210604 14:09:53.672" endtime="20210604 14:09:58.675"/>
</kw>
<kw name="Close Session" library="base" type="TEARDOWN">
<kw name="Close Application" library="AppiumLibrary">
<doc>Closes the current application and also close webdriver session.</doc>
<status status="PASS" starttime="20210604 14:09:58.675" endtime="20210604 14:09:59.283"/>
</kw>
<status status="PASS" starttime="20210604 14:09:58.675" endtime="20210604 14:09:59.283"/>
</kw>
<status status="PASS" starttime="20210604 14:09:33.241" endtime="20210604 14:09:59.283"/>
</test>
<status status="PASS" starttime="20210604 14:09:33.237" endtime="20210604 14:09:59.284"/>
</suite>
<status status="PASS" starttime="20210604 14:06:16.838" endtime="20210604 14:09:59.285"/>
</suite>
<statistics>
<total>
<stat pass="10" fail="0" skip="0">All Tests</stat>
</total>
<tag>
<stat pass="1" fail="0" skip="0">long</stat>
</tag>
<suite>
<stat pass="10" fail="0" skip="0" id="s1" name="Tests">Tests</stat>
<stat pass="2" fail="0" skip="0" id="s1-s1" name="Buttons">Tests.Buttons</stat>
<stat pass="1" fail="0" skip="0" id="s1-s2" name="Checkbox">Tests.Checkbox</stat>
<stat pass="1" fail="0" skip="0" id="s1-s3" name="Drag Drop">Tests.Drag Drop</stat>
<stat pass="1" fail="0" skip="0" id="s1-s4" name="Home">Tests.Home</stat>
<stat pass="1" fail="0" skip="0" id="s1-s5" name="Login">Tests.Login</stat>
<stat pass="1" fail="0" skip="0" id="s1-s6" name="Radio">Tests.Radio</stat>
<stat pass="2" fail="0" skip="0" id="s1-s7" name="Spinner">Tests.Spinner</stat>
<stat pass="1" fail="0" skip="0" id="s1-s8" name="Swipe">Tests.Swipe</stat>
</suite>
</statistics>
<errors>
</errors>
</robot>
